<?xml version="1.0" encoding="UTF-8"?>
<!-- Generated by org.testng.reporters.JUnitReportReporter -->
<testsuite hostname="LAPTOP-1826LOER" failures="0" tests="1" name="com.acti.testcase.LoginPageTest" time="12.482" errors="0" timestamp="2023-04-13T07:08:52 IST" skipped="0">
  <testcase classname="com.acti.testcase.LoginPageTest" name="testLoginPageTitle" time="12.482"/>
  <system-out/>
</testsuite> <!-- com.acti.testcase.LoginPageTest -->
