<?xml version="1.0" encoding="UTF-8"?>
<!-- Generated by org.testng.reporters.JUnitReportReporter -->
<testsuite hostname="LAPTOP-1826LOER" failures="0" tests="1" name="com.acti.driver.DriverManager" time="7.708" errors="0" timestamp="2023-04-12T07:07:25 IST" skipped="0">
  <testcase classname="com.acti.driver.DriverManager" name="initApplication" time="7.708"/>
  <system-out/>
</testsuite> <!-- com.acti.driver.DriverManager -->
